app/build/outputs/logs/manifest-merger-prod-debug-report.txt
-- Merging decision tree log ---
data
INJECTED from src/main/AndroidManifest.xml:261:17-58
	android:scheme
		INJECTED from src/main/AndroidManifest.xml
		ADDED from src/main/AndroidManifest.xml:261:23-56
meta-data#com.google.android.geo.API_KEY
INJECTED from src/main/AndroidManifest.xml:278:9-280:44
	android:value
		INJECTED from src/main/AndroidManifest.xml
		ADDED from src/main/AndroidManifest.xml:280:13-42
	android:name
		ADDED from src/main/AndroidManifest.xml:279:13-58
meta-data#io.fabric.ApiKey
INJECTED from src/main/AndroidManifest.xml:281:9-283:46
	android:value
		INJECTED from src/main/AndroidManifest.xml
		ADDED from src/main/AndroidManifest.xml:283:13-44
	android:name
		ADDED from src/main/AndroidManifest.xml:282:13-44
manifest
ADDED from src/main/AndroidManifest.xml:2:1-289:12
INJECTED from src/main/AndroidManifest.xml:2:1-289:12
INJECTED from src/main/AndroidManifest.xml:2:1-289:12
INJECTED from src/main/AndroidManifest.xml:2:1-289:12
MERGED from [com.l4digital.fastscroll:fastscroll:1.0.4] AndroidManifest.xml:17:1-27:12
MERGED from [com.mikepenz:materialdrawer:6.0.7] AndroidManifest.xml:2:1-11:12
MERGED from [com.android.support:design:28.0.0] AndroidManifest.xml:17:1-24:12
MERGED from [com.android.support:cardview-v7:28.0.0] AndroidManifest.xml:17:1-22:12
MERGED from [net.xpece.android:support-preference:2.1.2] AndroidManifest.xml:2:1-12:12
MERGED from [com.android.support:preference-v7:28.0.0] AndroidManifest.xml:17:1-22:12
MERGED from [com.github.gabrielemariotti.changeloglib:changelog:2.1.0] AndroidManifest.xml:2:1-13:12
MERGED from [com.sothree.slidinguppanel:library:3.4.0] AndroidManifest.xml:2:1-11:12
MERGED from [com.android.support:recyclerview-v7:28.0.0] AndroidManifest.xml:17:1-22:12
MERGED from [eu.davidea:flipview:1.1.3] AndroidManifest.xml:2:1-12:12
MERGED from [ru.tinkoff.decoro:decoro:1.3.4] AndroidManifest.xml:2:1-14:12
MERGED from [com.jakewharton:butterknife:8.8.1] AndroidManifest.xml:2:1-7:12
MERGED from [com.evernote:android-job:1.2.5] AndroidManifest.xml:2:1-65:12
MERGED from [com.github.QuadFlask:colorpicker:0.0.13] AndroidManifest.xml:2:1-14:12
MERGED from [de.psdev.licensesdialog:licensesdialog:1.8.3] AndroidManifest.xml:16:6-20:12
MERGED from [com.github.omadahealth:lollipin:2.1.0] AndroidManifest.xml:2:1-18:12
MERGED from [net.xpece.android:support-spinner:2.1.2] AndroidManifest.xml:2:1-10:12
MERGED from [com.android.support:appcompat-v7:28.0.0] AndroidManifest.xml:17:1-22:12
MERGED from [com.android.support:support-v13:28.0.0] AndroidManifest.xml:17:1-22:12
MERGED from [com.airbnb.android:airmapview:1.6.0] AndroidManifest.xml:2:1-12:12
MERGED from [com.google.android.gms:play-services-maps:10.2.4] AndroidManifest.xml:16:1-25:12
MERGED from [com.google.android.gms:play-services-base:10.2.4] AndroidManifest.xml:16:1-21:12
MERGED from [com.google.android.gms:play-services-tasks:10.2.4] AndroidManifest.xml:2:1-5:12
MERGED from [com.google.android.gms:play-services-basement:10.2.4] AndroidManifest.xml:16:1-23:12
MERGED from [com.android.support:support-v4:28.0.0] AndroidManifest.xml:17:1-22:12
MERGED from [com.android.support:support-fragment:28.0.0] AndroidManifest.xml:17:1-22:12
MERGED from [com.android.support:animated-vector-drawable:28.0.0] AndroidManifest.xml:17:1-22:12
MERGED from [com.android.support:support-core-ui:28.0.0] AndroidManifest.xml:17:1-22:12
MERGED from [io.requery:sqlite-android:3.20.0] AndroidManifest.xml:2:1-11:12
MERGED from [com.android.support:support-core-utils:28.0.0] AndroidManifest.xml:17:1-22:12
MERGED from [com.android.support:transition:28.0.0] AndroidManifest.xml:17:1-22:12
MERGED from [com.android.support:viewpager:28.0.0] AndroidManifest.xml:17:1-22:12
MERGED from [com.android.support:coordinatorlayout:28.0.0] AndroidManifest.xml:17:1-22:12
MERGED from [com.android.support:drawerlayout:28.0.0] AndroidManifest.xml:17:1-22:12
MERGED from [com.android.support:slidingpanelayout:28.0.0] AndroidManifest.xml:17:1-22:12
MERGED from [com.android.support:customview:28.0.0] AndroidManifest.xml:17:1-22:12
MERGED from [com.android.support:swiperefreshlayout:28.0.0] AndroidManifest.xml:17:1-22:12
MERGED from [com.android.support:asynclayoutinflater:28.0.0] AndroidManifest.xml:17:1-22:12
MERGED from [com.android.support:loader:28.0.0] AndroidManifest.xml:17:1-22:12
MERGED from [com.android.support:support-vector-drawable:28.0.0] AndroidManifest.xml:17:1-22:12
MERGED from [com.android.support:support-media-compat:28.0.0] AndroidManifest.xml:17:1-22:12
MERGED from [com.android.support:support-compat:28.0.0] AndroidManifest.xml:17:1-24:12
MERGED from [com.android.support:versionedparcelable:28.0.0] AndroidManifest.xml:17:1-25:12
MERGED from [android.arch.lifecycle:runtime:1.1.1] AndroidManifest.xml:17:1-22:12
MERGED from [com.android.support:interpolator:28.0.0] AndroidManifest.xml:17:1-22:12
MERGED from [com.android.support:cursoradapter:28.0.0] AndroidManifest.xml:17:1-22:12
MERGED from [com.android.support:documentfile:28.0.0] AndroidManifest.xml:17:1-22:12
MERGED from [com.android.support:localbroadcastmanager:28.0.0] AndroidManifest.xml:17:1-22:12
MERGED from [com.android.support:print:28.0.0] AndroidManifest.xml:17:1-22:12
MERGED from [android.arch.lifecycle:viewmodel:1.1.1] AndroidManifest.xml:17:1-22:12
MERGED from [android.arch.lifecycle:livedata:1.1.1] AndroidManifest.xml:17:1-22:12
MERGED from [android.arch.lifecycle:livedata-core:1.1.1] AndroidManifest.xml:17:1-22:12
MERGED from [android.arch.core:runtime:1.1.1] AndroidManifest.xml:17:1-22:12
MERGED from [:MaterialShowCase-1.0.5:] AndroidManifest.xml:2:1-11:12
MERGED from [:HeaderDecor-0.2.7:] AndroidManifest.xml:17:1-29:12
MERGED from [com.android.support.constraint:constraint-layout:1.1.3] AndroidManifest.xml:2:1-11:12
MERGED from [com.dlazaro66.qrcodereaderview:qrcodereaderview:2.0.3] AndroidManifest.xml:2:1-12:12
MERGED from [com.github.angads25:filepicker:1.1.1] AndroidManifest.xml:2:1-13:12
MERGED from [com.github.hotchemi:permissionsdispatcher:3.1.0] AndroidManifest.xml:2:1-10:12
MERGED from [com.mikepenz:actionitembadge:3.3.2] AndroidManifest.xml:2:1-12:12
MERGED from [com.crashlytics.sdk.android:crashlytics:2.9.5] AndroidManifest.xml:2:1-19:12
MERGED from [io.reactivex.rxjava2:rxandroid:2.1.0] AndroidManifest.xml:15:1-20:12
MERGED from [com.google.maps.android:android-maps-utils:0.4] AndroidManifest.xml:2:1-13:12
MERGED from [com.crashlytics.sdk.android:crashlytics-core:2.6.4] AndroidManifest.xml:45:1-56:12
MERGED from [com.crashlytics.sdk.android:answers:1.4.3] AndroidManifest.xml:2:1-13:12
MERGED from [com.crashlytics.sdk.android:beta:1.2.10] AndroidManifest.xml:2:1-13:12
MERGED from [io.fabric.sdk.android:fabric:1.4.4] AndroidManifest.xml:22:1-33:12
MERGED from [com.github.traex.rippleeffect:ripple:1.3.1-OG] AndroidManifest.xml:2:1-14:12
MERGED from [com.github.omadahealth.typefaceview:typefaceview:1.5.0] AndroidManifest.xml:2:1-16:12
MERGED from [com.mikepenz:materialize:1.1.2] AndroidManifest.xml:2:1-12:12
MERGED from [com.mikepenz:iconics-core:3.0.3] AndroidManifest.xml:2:1-12:12
MERGED from [com.mikepenz:fastadapter:3.2.4] AndroidManifest.xml:2:1-12:12
MERGED from [com.mikepenz:fastadapter-extensions-expandable:3.2.4] AndroidManifest.xml:2:1-12:12
INJECTED from src/main/AndroidManifest.xml:2:1-289:12
INJECTED from src/main/AndroidManifest.xml:2:1-289:12
INJECTED from src/main/AndroidManifest.xml:2:1-289:12
	package
		ADDED from src/main/AndroidManifest.xml:4:11-39
		INJECTED from src/main/AndroidManifest.xml
		INJECTED from src/main/AndroidManifest.xml
	android:versionName
		INJECTED from src/main/AndroidManifest.xml
		ADDED from src/main/AndroidManifest.xml:2:1-289:12
		INJECTED from src/main/AndroidManifest.xml
	xmlns:tools
		ADDED from src/main/AndroidManifest.xml:3:11-57
	android:versionCode
		INJECTED from src/main/AndroidManifest.xml
		ADDED from src/main/AndroidManifest.xml:2:1-289:12
		INJECTED from src/main/AndroidManifest.xml
	xmlns:android
		ADDED from src/main/AndroidManifest.xml:2:11-69
uses-permission#android.permission.INTERNET
ADDED from src/main/AndroidManifest.xml:6:5-66
MERGED from [com.google.android.gms:play-services-maps:10.2.4] AndroidManifest.xml:20:5-66
MERGED from [com.google.android.gms:play-services-maps:10.2.4] AndroidManifest.xml:20:5-66
MERGED from [com.crashlytics.sdk.android:crashlytics:2.9.5] AndroidManifest.xml:9:5-67
MERGED from [com.crashlytics.sdk.android:crashlytics:2.9.5] AndroidManifest.xml:9:5-67
MERGED from [com.crashlytics.sdk.android:crashlytics-core:2.6.4] AndroidManifest.xml:52:5-67
MERGED from [com.crashlytics.sdk.android:crashlytics-core:2.6.4] AndroidManifest.xml:52:5-67
MERGED from [com.crashlytics.sdk.android:answers:1.4.3] AndroidManifest.xml:9:5-67
MERGED from [com.crashlytics.sdk.android:answers:1.4.3] AndroidManifest.xml:9:5-67
MERGED from [com.crashlytics.sdk.android:beta:1.2.10] AndroidManifest.xml:9:5-67
MERGED from [com.crashlytics.sdk.android:beta:1.2.10] AndroidManifest.xml:9:5-67
MERGED from [io.fabric.sdk.android:fabric:1.4.4] AndroidManifest.xml:29:5-67
MERGED from [io.fabric.sdk.android:fabric:1.4.4] AndroidManifest.xml:29:5-67
	android:name
		ADDED from src/main/AndroidManifest.xml:6:22-64
uses-permission#android.permission.RECEIVE_SMS
ADDED from src/main/AndroidManifest.xml:7:5-69
	android:name
		ADDED from src/main/AndroidManifest.xml:7:22-67
uses-permission#android.permission.READ_SMS
ADDED from src/main/AndroidManifest.xml:8:5-66
	android:name
		ADDED from src/main/AndroidManifest.xml:8:22-64
uses-permission#android.permission.READ_EXTERNAL_STORAGE
ADDED from src/main/AndroidManifest.xml:9:5-79
MERGED from [com.github.angads25:filepicker:1.1.1] AndroidManifest.xml:11:5-80
MERGED from [com.github.angads25:filepicker:1.1.1] AndroidManifest.xml:11:5-80
	android:name
		ADDED from src/main/AndroidManifest.xml:9:22-77
uses-permission#android.permission.WRITE_EXTERNAL_STORAGE
ADDED from src/main/AndroidManifest.xml:10:5-80
	android:name
		ADDED from src/main/AndroidManifest.xml:10:22-78
uses-permission#android.permission.RECEIVE_BOOT_COMPLETED
ADDED from src/main/AndroidManifest.xml:11:5-80
MERGED from [com.evernote:android-job:1.2.5] AndroidManifest.xml:14:5-81
MERGED from [com.evernote:android-job:1.2.5] AndroidManifest.xml:14:5-81
	android:name
		ADDED from src/main/AndroidManifest.xml:11:22-78
uses-permission#android.permission.ACCESS_FINE_LOCATION
ADDED from src/main/AndroidManifest.xml:12:5-78
	android:name
		ADDED from src/main/AndroidManifest.xml:12:22-76
uses-permission#android.permission.WAKE_LOCK
ADDED from src/main/AndroidManifest.xml:13:5-67
MERGED from [com.evernote:android-job:1.2.5] AndroidManifest.xml:12:5-68
MERGED from [com.evernote:android-job:1.2.5] AndroidManifest.xml:12:5-68
	android:name
		ADDED from src/main/AndroidManifest.xml:13:22-65
uses-permission#android.permission.SYSTEM_ALERT_WINDOW
ADDED from src/main/AndroidManifest.xml:14:5-77
	android:name
		ADDED from src/main/AndroidManifest.xml:14:22-75
uses-permission#com.google.android.c2dm.permission.RECEIVE
ADDED from src/main/AndroidManifest.xml:15:5-81
	android:name
		ADDED from src/main/AndroidManifest.xml:15:22-79
uses-permission#com.android.vending.BILLING
ADDED from src/main/AndroidManifest.xml:16:5-66
	android:name
		ADDED from src/main/AndroidManifest.xml:16:22-64
uses-permission#com.android.launcher.permission.INSTALL_SHORTCUT
ADDED from src/main/AndroidManifest.xml:17:5-87
	android:name
		ADDED from src/main/AndroidManifest.xml:17:22-85
uses-permission#com.mtiarn.finance.gcm.permission.C2D_MESSAGE
ADDED from src/main/AndroidManifest.xml:18:5-84
	android:name
		ADDED from src/main/AndroidManifest.xml:18:22-82
uses-permission#android.permission.ACCESS_NETWORK_STATE
ADDED from src/main/AndroidManifest.xml:19:5-78
MERGED from [com.evernote:android-job:1.2.5] AndroidManifest.xml:13:5-79
MERGED from [com.evernote:android-job:1.2.5] AndroidManifest.xml:13:5-79
MERGED from [com.google.android.gms:play-services-maps:10.2.4] AndroidManifest.xml:19:5-78
MERGED from [com.google.android.gms:play-services-maps:10.2.4] AndroidManifest.xml:19:5-78
	android:name
		ADDED from src/main/AndroidManifest.xml:19:22-76
uses-permission#android.permission.CAMERA
ADDED from src/main/AndroidManifest.xml:20:5-64
	android:name
		ADDED from src/main/AndroidManifest.xml:20:22-62
uses-feature#android.hardware.camera
ADDED from src/main/AndroidManifest.xml:22:5-24:35
	android:required
		ADDED from src/main/AndroidManifest.xml:24:9-33
	android:name
		ADDED from src/main/AndroidManifest.xml:23:9-47
uses-feature#android.hardware.camera.autofocus
ADDED from src/main/AndroidManifest.xml:25:5-27:35
	android:required
		ADDED from src/main/AndroidManifest.xml:27:9-33
	android:name
		ADDED from src/main/AndroidManifest.xml:26:9-57
application
ADDED from src/main/AndroidManifest.xml:29:5-287:19
REJECTED from [com.android.support:design:28.0.0] AndroidManifest.xml:22:5-20
REJECTED from [net.xpece.android:support-preference:2.1.2] AndroidManifest.xml:9:5-10:19
REJECTED from [com.github.gabrielemariotti.changeloglib:changelog:2.1.0] AndroidManifest.xml:11:5-20
REJECTED from [com.sothree.slidinguppanel:library:3.4.0] AndroidManifest.xml:9:5-20
REJECTED from [ru.tinkoff.decoro:decoro:1.3.4] AndroidManifest.xml:12:5-20
REJECTED from [com.evernote:android-job:1.2.5] AndroidManifest.xml:16:5-63:19
REJECTED from [com.github.QuadFlask:colorpicker:0.0.13] AndroidManifest.xml:12:5-20
REJECTED from [de.psdev.licensesdialog:licensesdialog:1.8.3] AndroidManifest.xml:19:5-19
REJECTED from [com.github.omadahealth:lollipin:2.1.0] AndroidManifest.xml:13:5-16:19
REJECTED from [net.xpece.android:support-spinner:2.1.2] AndroidManifest.xml:8:5-20
REJECTED from [com.airbnb.android:airmapview:1.6.0] AndroidManifest.xml:10:5-20
REJECTED from [com.google.android.gms:play-services-maps:10.2.4] AndroidManifest.xml:24:5-19
REJECTED from [com.google.android.gms:play-services-base:10.2.4] AndroidManifest.xml:18:5-20:19
REJECTED from [com.google.android.gms:play-services-tasks:10.2.4] AndroidManifest.xml:4:5-19
REJECTED from [com.google.android.gms:play-services-basement:10.2.4] AndroidManifest.xml:19:5-21:19
REJECTED from [com.android.support:support-compat:28.0.0] AndroidManifest.xml:22:5-94
REJECTED from [com.android.support:versionedparcelable:28.0.0] AndroidManifest.xml:22:5-23:19
REJECTED from [:HeaderDecor-0.2.7:] AndroidManifest.xml:27:5-20
REJECTED from [com.android.support.constraint:constraint-layout:1.1.3] AndroidManifest.xml:9:5-20
REJECTED from [com.crashlytics.sdk.android:crashlytics:2.9.5] AndroidManifest.xml:11:5-17:19
REJECTED from [com.google.maps.android:android-maps-utils:0.4] AndroidManifest.xml:7:5-11:19
REJECTED from [com.crashlytics.sdk.android:crashlytics-core:2.6.4] AndroidManifest.xml:54:5-20
REJECTED from [com.crashlytics.sdk.android:answers:1.4.3] AndroidManifest.xml:11:5-20
REJECTED from [com.crashlytics.sdk.android:beta:1.2.10] AndroidManifest.xml:11:5-20
REJECTED from [io.fabric.sdk.android:fabric:1.4.4] AndroidManifest.xml:31:5-20
REJECTED from [com.github.traex.rippleeffect:ripple:1.3.1-OG] AndroidManifest.xml:12:5-20
REJECTED from [com.github.omadahealth.typefaceview:typefaceview:1.5.0] AndroidManifest.xml:11:5-14:19
	tools:node
		ADDED from src/main/AndroidManifest.xml:36:9-29
	android:label
		ADDED from src/main/AndroidManifest.xml:33:9-41
	android:resizeableActivity
		ADDED from src/main/AndroidManifest.xml:34:9-43
	tools:targetApi
		ADDED from src/main/AndroidManifest.xml:37:9-28
	android:icon
		ADDED from src/main/AndroidManifest.xml:32:9-41
	android:allowBackup
		ADDED from src/main/AndroidManifest.xml:31:9-35
	android:theme
		ADDED from src/main/AndroidManifest.xml:35:9-45
	android:name
		ADDED from src/main/AndroidManifest.xml:30:9-56
service#com.evernote.android.job.v21.PlatformJobService
ADDED from src/main/AndroidManifest.xml:39:9-42:71
	android:exported
		ADDED from src/main/AndroidManifest.xml:41:13-37
	android:permission
		ADDED from src/main/AndroidManifest.xml:42:13-69
	android:name
		ADDED from src/main/AndroidManifest.xml:40:13-75
service#com.evernote.android.job.v14.PlatformAlarmService
ADDED from src/main/AndroidManifest.xml:43:9-46:71
	android:exported
		ADDED from src/main/AndroidManifest.xml:45:13-37
	android:permission
		ADDED from src/main/AndroidManifest.xml:46:13-69
	android:name
		ADDED from src/main/AndroidManifest.xml:44:13-77
service#com.evernote.android.job.v14.PlatformAlarmServiceExact
ADDED from src/main/AndroidManifest.xml:47:9-49:39
	android:exported
		ADDED from src/main/AndroidManifest.xml:49:13-37
	android:name
		ADDED from src/main/AndroidManifest.xml:48:13-82
receiver#com.evernote.android.job.v14.PlatformAlarmReceiver
ADDED from src/main/AndroidManifest.xml:50:9-58:20
	android:exported
		ADDED from src/main/AndroidManifest.xml:52:13-37
	android:name
		ADDED from src/main/AndroidManifest.xml:51:13-78
intent-filter#action:name:com.evernote.android.job.v14.RUN_JOB+action:name:net.vrallev.android.job.v14.RUN_JOB
ADDED from src/main/AndroidManifest.xml:53:13-57:29
action#com.evernote.android.job.v14.RUN_JOB
ADDED from src/main/AndroidManifest.xml:55:17-78
	android:name
		ADDED from src/main/AndroidManifest.xml:55:25-76
action#net.vrallev.android.job.v14.RUN_JOB
ADDED from src/main/AndroidManifest.xml:56:17-77
	android:name
		ADDED from src/main/AndroidManifest.xml:56:25-75
receiver#com.evernote.android.job.JobBootReceiver
ADDED from src/main/AndroidManifest.xml:59:9-68:20
	android:exported
		ADDED from src/main/AndroidManifest.xml:61:13-37
	android:name
		ADDED from src/main/AndroidManifest.xml:60:13-68
intent-filter#action:name:android.intent.action.BOOT_COMPLETED+action:name:android.intent.action.MY_PACKAGE_REPLACED+action:name:android.intent.action.QUICKBOOT_POWERON+action:name:com.htc.intent.action.QUICKBOOT_POWERON
ADDED from src/main/AndroidManifest.xml:62:13-67:29
action#android.intent.action.BOOT_COMPLETED
ADDED from src/main/AndroidManifest.xml:63:17-78
	android:name
		ADDED from src/main/AndroidManifest.xml:63:25-76
action#android.intent.action.QUICKBOOT_POWERON
ADDED from src/main/AndroidManifest.xml:64:17-81
	android:name
		ADDED from src/main/AndroidManifest.xml:64:25-79
action#com.htc.intent.action.QUICKBOOT_POWERON
ADDED from src/main/AndroidManifest.xml:65:17-81
	android:name
		ADDED from src/main/AndroidManifest.xml:65:25-79
action#android.intent.action.MY_PACKAGE_REPLACED
ADDED from src/main/AndroidManifest.xml:66:17-83
	android:name
		ADDED from src/main/AndroidManifest.xml:66:25-81
service#com.evernote.android.job.gcm.PlatformGcmService
ADDED from src/main/AndroidManifest.xml:69:9-77:19
	android:enabled
		ADDED from src/main/AndroidManifest.xml:71:13-36
	android:exported
		ADDED from src/main/AndroidManifest.xml:72:13-36
	android:permission
		ADDED from src/main/AndroidManifest.xml:73:13-93
	android:name
		ADDED from src/main/AndroidManifest.xml:70:13-75
intent-filter#action:name:com.google.android.gms.gcm.ACTION_TASK_READY
ADDED from src/main/AndroidManifest.xml:74:13-76:29
action#com.google.android.gms.gcm.ACTION_TASK_READY
ADDED from src/main/AndroidManifest.xml:75:17-86
	android:name
		ADDED from src/main/AndroidManifest.xml:75:25-84
service#com.evernote.android.job.JobRescheduleService
ADDED from src/main/AndroidManifest.xml:78:9-81:71
	android:exported
		ADDED from src/main/AndroidManifest.xml:80:13-37
	android:permission
		ADDED from src/main/AndroidManifest.xml:81:13-69
	android:name
		ADDED from src/main/AndroidManifest.xml:79:13-73
receiver#com.mtiarn.finance.receivers.SMSReceiver
ADDED from src/main/AndroidManifest.xml:83:9-87:20
	android:name
		ADDED from src/main/AndroidManifest.xml:83:19-74
intent-filter#action:name:android.provider.Telephony.SMS_RECEIVED
ADDED from src/main/AndroidManifest.xml:84:13-86:29
	android:priority
		ADDED from src/main/AndroidManifest.xml:84:28-57
action#android.provider.Telephony.SMS_RECEIVED
ADDED from src/main/AndroidManifest.xml:85:17-81
	android:name
		ADDED from src/main/AndroidManifest.xml:85:25-79
receiver#com.mtiarn.finance.receivers.CustomIntentReceiver
ADDED from src/main/AndroidManifest.xml:88:9-96:20
	android:enabled
		ADDED from src/main/AndroidManifest.xml:90:13-35
	android:exported
		ADDED from src/main/AndroidManifest.xml:91:13-36
	android:name
		ADDED from src/main/AndroidManifest.xml:89:13-77
intent-filter#action:name:com.mtiarn.finance.intent.action.CREATE_SMS+action:name:com.mtiarn.finance.intent.action.CREATE_TRANSACTION
ADDED from src/main/AndroidManifest.xml:92:13-95:29
action#com.mtiarn.finance.intent.action.CREATE_TRANSACTION
ADDED from src/main/AndroidManifest.xml:93:17-93
	android:name
		ADDED from src/main/AndroidManifest.xml:93:25-91
action#com.mtiarn.finance.intent.action.CREATE_SMS
ADDED from src/main/AndroidManifest.xml:94:17-85
	android:name
		ADDED from src/main/AndroidManifest.xml:94:25-83
receiver#com.mtiarn.finance.WidgetExpense
ADDED from src/main/AndroidManifest.xml:97:9-105:20
	android:name
		ADDED from src/main/AndroidManifest.xml:97:19-66
intent-filter#action:name:android.appwidget.action.APPWIDGET_UPDATE
ADDED from src/main/AndroidManifest.xml:98:13-100:29
action#android.appwidget.action.APPWIDGET_UPDATE
ADDED from src/main/AndroidManifest.xml:99:17-83
	android:name
		ADDED from src/main/AndroidManifest.xml:99:25-81
meta-data#android.appwidget.provider
ADDED from src/main/AndroidManifest.xml:101:13-104:62
	android:resource
		ADDED from src/main/AndroidManifest.xml:104:17-60
	android:label
		ADDED from src/main/AndroidManifest.xml:103:17-52
	android:name
		ADDED from src/main/AndroidManifest.xml:102:17-58
receiver#com.mtiarn.finance.WidgetIncome
ADDED from src/main/AndroidManifest.xml:106:9-114:20
	android:name
		ADDED from src/main/AndroidManifest.xml:106:19-65
receiver#com.mtiarn.finance.WidgetTransfer
ADDED from src/main/AndroidManifest.xml:115:9-123:20
	android:name
		ADDED from src/main/AndroidManifest.xml:115:19-67
receiver#com.mtiarn.finance.receivers.CalcReciever
ADDED from src/main/AndroidManifest.xml:125:9-129:20
	android:name
		ADDED from src/main/AndroidManifest.xml:125:19-75
intent-filter#action:name:com.mtiarn.finance.intent.action.ACT_CALC_DONE
ADDED from src/main/AndroidManifest.xml:126:13-128:29
action#com.mtiarn.finance.intent.action.ACT_CALC_DONE
ADDED from src/main/AndroidManifest.xml:127:17-88
	android:name
		ADDED from src/main/AndroidManifest.xml:127:25-86
activity#com.mtiarn.finance.ActivityMain
ADDED from src/main/AndroidManifest.xml:131:9-144:20
	android:screenOrientation
		ADDED from src/main/AndroidManifest.xml:134:13-49
	android:label
		ADDED from src/main/AndroidManifest.xml:133:13-45
	android:theme
		ADDED from src/main/AndroidManifest.xml:135:13-53
	android:name
		ADDED from src/main/AndroidManifest.xml:132:13-59
intent-filter#action:name:android.intent.action.MAIN+category:name:android.intent.category.LAUNCHER
ADDED from src/main/AndroidManifest.xml:136:13-140:29
action#android.intent.action.MAIN
ADDED from src/main/AndroidManifest.xml:137:17-68
	android:name
		ADDED from src/main/AndroidManifest.xml:137:25-66
category#android.intent.category.LAUNCHER
ADDED from src/main/AndroidManifest.xml:139:17-76
	android:name
		ADDED from src/main/AndroidManifest.xml:139:27-74
meta-data#android.app.shortcuts
ADDED from src/main/AndroidManifest.xml:141:13-143:52
	android:resource
		ADDED from src/main/AndroidManifest.xml:143:17-50
	android:name
		ADDED from src/main/AndroidManifest.xml:142:17-53
activity#com.mtiarn.finance.ActivityEditTransaction
ADDED from src/main/AndroidManifest.xml:145:9-152:20
	android:windowSoftInputMode
		ADDED from src/main/AndroidManifest.xml:148:13-67
	android:exported
		ADDED from src/main/AndroidManifest.xml:147:13-36
	android:name
		ADDED from src/main/AndroidManifest.xml:146:13-70
intent-filter#category:name:android.intent.category.LAUNCHER
ADDED from src/main/AndroidManifest.xml:149:13-151:29
activity#com.mtiarn.finance.ActivityEditAccount
ADDED from src/main/AndroidManifest.xml:153:9-157:69
	android:screenOrientation
		ADDED from src/main/AndroidManifest.xml:156:13-49
	android:label
		ADDED from src/main/AndroidManifest.xml:155:13-29
	android:windowSoftInputMode
		ADDED from src/main/AndroidManifest.xml:157:13-67
	android:name
		ADDED from src/main/AndroidManifest.xml:154:13-66
activity#com.mtiarn.finance.ActivityReferences
ADDED from src/main/AndroidManifest.xml:158:9-160:51
	android:screenOrientation
		ADDED from src/main/AndroidManifest.xml:160:13-49
	android:name
		ADDED from src/main/AndroidManifest.xml:159:13-65
activity#com.mtiarn.finance.ActivityModelList
ADDED from src/main/AndroidManifest.xml:161:9-167:20
	android:screenOrientation
		ADDED from src/main/AndroidManifest.xml:163:13-49
	android:name
		ADDED from src/main/AndroidManifest.xml:162:13-64
activity#com.mtiarn.finance.ActivitySmsList
ADDED from src/main/AndroidManifest.xml:168:9-171:51
	android:screenOrientation
		ADDED from src/main/AndroidManifest.xml:170:13-49
	android:theme
		ADDED from src/main/AndroidManifest.xml:171:13-49
	android:name
		ADDED from src/main/AndroidManifest.xml:169:13-62
activity#com.mtiarn.finance.ActivitySettings
ADDED from src/main/AndroidManifest.xml:172:9-176:59
	android:screenOrientation
		ADDED from src/main/AndroidManifest.xml:175:13-49
	android:label
		ADDED from src/main/AndroidManifest.xml:174:13-49
	android:theme
		ADDED from src/main/AndroidManifest.xml:176:13-57
	android:name
		ADDED from src/main/AndroidManifest.xml:173:13-63
activity#com.mtiarn.finance.ActivityList
ADDED from src/main/AndroidManifest.xml:177:9-180:51
	android:screenOrientation
		ADDED from src/main/AndroidManifest.xml:179:13-49
	android:theme
		ADDED from src/main/AndroidManifest.xml:180:13-49
	android:name
		ADDED from src/main/AndroidManifest.xml:178:13-59
activity#com.mtiarn.finance.ActivityAdditional
ADDED from src/main/AndroidManifest.xml:181:9-184:51
	android:screenOrientation
		ADDED from src/main/AndroidManifest.xml:183:13-49
	android:theme
		ADDED from src/main/AndroidManifest.xml:184:13-49
	android:name
		ADDED from src/main/AndroidManifest.xml:182:13-65
activity#com.mtiarn.finance.ActivityImportCSV
ADDED from src/main/AndroidManifest.xml:185:9-188:51
	android:screenOrientation
		ADDED from src/main/AndroidManifest.xml:187:13-49
	android:theme
		ADDED from src/main/AndroidManifest.xml:188:13-49
	android:name
		ADDED from src/main/AndroidManifest.xml:186:13-64
activity#com.mtiarn.finance.ActivityImportCSVAdvanced
ADDED from src/main/AndroidManifest.xml:189:9-192:51
	android:screenOrientation
		ADDED from src/main/AndroidManifest.xml:191:13-49
	android:theme
		ADDED from src/main/AndroidManifest.xml:192:13-49
	android:name
		ADDED from src/main/AndroidManifest.xml:190:13-72
activity#com.mtiarn.finance.ActivityExportCSV
ADDED from src/main/AndroidManifest.xml:193:9-196:51
	android:screenOrientation
		ADDED from src/main/AndroidManifest.xml:195:13-49
	android:theme
		ADDED from src/main/AndroidManifest.xml:196:13-49
	android:name
		ADDED from src/main/AndroidManifest.xml:194:13-64
activity#com.mtiarn.finance.ActivityBackup
ADDED from src/main/AndroidManifest.xml:197:9-200:51
	android:screenOrientation
		ADDED from src/main/AndroidManifest.xml:199:13-49
	android:theme
		ADDED from src/main/AndroidManifest.xml:200:13-49
	android:name
		ADDED from src/main/AndroidManifest.xml:198:13-61
activity#com.mtiarn.finance.ActivityImportSms
ADDED from src/main/AndroidManifest.xml:201:9-204:51
	android:screenOrientation
		ADDED from src/main/AndroidManifest.xml:203:13-49
	android:theme
		ADDED from src/main/AndroidManifest.xml:204:13-49
	android:name
		ADDED from src/main/AndroidManifest.xml:202:13-64
activity#com.mtiarn.finance.ActivityEditCredit
ADDED from src/main/AndroidManifest.xml:205:9-208:51
	android:screenOrientation
		ADDED from src/main/AndroidManifest.xml:207:13-49
	android:theme
		ADDED from src/main/AndroidManifest.xml:208:13-49
	android:name
		ADDED from src/main/AndroidManifest.xml:206:13-65
activity#com.mtiarn.finance.ActivityBudget
ADDED from src/main/AndroidManifest.xml:209:9-212:51
	android:screenOrientation
		ADDED from src/main/AndroidManifest.xml:211:13-49
	android:theme
		ADDED from src/main/AndroidManifest.xml:212:13-49
	android:name
		ADDED from src/main/AndroidManifest.xml:210:13-61
activity#com.mtiarn.finance.ActivityEditLocation2
ADDED from src/main/AndroidManifest.xml:213:9-215:51
	android:theme
		ADDED from src/main/AndroidManifest.xml:215:13-49
	android:name
		ADDED from src/main/AndroidManifest.xml:214:13-68
activity#com.mtiarn.finance.ActivityAbout
ADDED from src/main/AndroidManifest.xml:216:9-219:51
	android:screenOrientation
		ADDED from src/main/AndroidManifest.xml:218:13-49
	android:theme
		ADDED from src/main/AndroidManifest.xml:219:13-49
	android:name
		ADDED from src/main/AndroidManifest.xml:217:13-60
activity#com.mtiarn.finance.ActivityReports
ADDED from src/main/AndroidManifest.xml:220:9-223:51
	android:screenOrientation
		ADDED from src/main/AndroidManifest.xml:222:13-49
	android:theme
		ADDED from src/main/AndroidManifest.xml:223:13-49
	android:name
		ADDED from src/main/AndroidManifest.xml:221:13-62
activity#com.mtiarn.finance.ActivityAccounts
ADDED from src/main/AndroidManifest.xml:224:9-227:51
	android:screenOrientation
		ADDED from src/main/AndroidManifest.xml:226:13-49
	android:theme
		ADDED from src/main/AndroidManifest.xml:227:13-49
	android:name
		ADDED from src/main/AndroidManifest.xml:225:13-63
activity#com.mtiarn.finance.ActivityTransactions
ADDED from src/main/AndroidManifest.xml:228:9-231:51
	android:screenOrientation
		ADDED from src/main/AndroidManifest.xml:230:13-49
	android:theme
		ADDED from src/main/AndroidManifest.xml:231:13-49
	android:name
		ADDED from src/main/AndroidManifest.xml:229:13-67
activity#com.mtiarn.finance.ActivityPro
ADDED from src/main/AndroidManifest.xml:232:9-235:51
	android:screenOrientation
		ADDED from src/main/AndroidManifest.xml:234:13-49
	android:theme
		ADDED from src/main/AndroidManifest.xml:235:13-49
	android:name
		ADDED from src/main/AndroidManifest.xml:233:13-58
activity#com.mtiarn.finance.ActivityDebtsAndCredits